#
# A fatal error has been detected by the Java Runtime Environment:
#
#  EXCEPTION_ACCESS_VIOLATION (0xc0000005) at pc=0x0000000069e58225, pid=6648, tid=6504
#
# JRE version: Java(TM) SE Runtime Environment (8.0_40-b26) (build 1.8.0_40-b26)
# Java VM: Java HotSpot(TM) 64-Bit Server VM (25.40-b25 mixed mode windows-amd64 compressed oops)
# Problematic frame:
# V  [jvm.dll+0x128225]
#
# Failed to write core dump. Minidumps are not enabled by default on client versions of Windows
#
# If you would like to submit a bug report, please visit:
#   http://bugreport.java.com/bugreport/crash.jsp
#

---------------  T H R E A D  ---------------

Current thread (0x0000000014b8a000):  JavaThread "JDWP Transport Listener: dt_socket" daemon [_thread_in_vm, id=6504, stack(0x0000000016050000,0x0000000016150000)]

siginfo: ExceptionCode=0xc0000005, reading address 0xffffffffffffffff

Registers:
RAX=0x000000001614f701, RBX=0x0000000014b8a000, RCX=0x636e657571655372, RDX=0x0000000000000000
RSP=0x000000001614f780, RBP=0x636e657571655372, RSI=0x000000001614f898, RDI=0x0000000002169d20
R8 =0x0000000014b8a000, R9 =0x000000000000ff00, R10=0x0000000000000000, R11=0x0000001b00860028
R12=0x0000000000000000, R13=0x0000000014b8ab58, R14=0x0000000000000000, R15=0x0000000000000000
RIP=0x0000000069e58225, EFLAGS=0x0000000000010206

Top of Stack: (sp=0x000000001614f780)
0x000000001614f780:   0000000014b8a000 0000000014b8a000
0x000000001614f790:   000000001614f848 000000006a05c6db
0x000000001614f7a0:   0000000014b8a000 000000006a078f3d
0x000000001614f7b0:   0000000000000000 0000000050809155
0x000000001614f7c0:   000000001664f170 000000005081291e
0x000000001614f7d0:   0000000014b8a000 0000000000000000
0x000000001614f7e0:   0000000000000000 0000000000000000
0x000000001614f7f0:   636e657571655372 0000000050811a15
0x000000001614f800:   000000001614f898 000000001614f870
0x000000001614f810:   0000000000000001 000000001664f170
0x000000001614f820:   636e657571655372 00000000507f53b3
0x000000001614f830:   000000001614f960 0000000000000001
0x000000001614f840:   0000000000000001 000000001664f170
0x000000001614f850:   000000000000000a 0000000000000000
0x000000001614f860:   0000000000000000 0000000000000000
0x000000001614f870:   0000000000000001 00000000507f5571 

Instructions: (pc=0x0000000069e58225)
0x0000000069e58205:   cc cc cc cc cc cc cc cc cc cc cc 48 83 ec 28 48
0x0000000069e58215:   85 c9 75 07 33 c0 48 83 c4 28 c3 48 89 5c 24 20
0x0000000069e58225:   48 8b 19 48 85 db 74 20 48 83 fb 37 74 1a 48 8b
0x0000000069e58235:   13 48 8b cb ff 52 10 84 c0 74 0d 48 8b c3 48 8b 


Register to memory mapping:

RAX=0x000000001614f701 is pointing into the stack for thread: 0x0000000014b8a000
RBX=0x0000000014b8a000 is a thread
RCX=0x636e657571655372 is an unknown value
RDX=0x0000000000000000 is an unknown value
RSP=0x000000001614f780 is pointing into the stack for thread: 0x0000000014b8a000
RBP=0x636e657571655372 is an unknown value
RSI=0x000000001614f898 is pointing into the stack for thread: 0x0000000014b8a000
RDI=0x0000000002169d20 is an unknown value
R8 =0x0000000014b8a000 is a thread
R9 =0x000000000000ff00 is an unknown value
R10=0x0000000000000000 is an unknown value
R11=0x0000001b00860028 is an unknown value
R12=0x0000000000000000 is an unknown value
R13=0x0000000014b8ab58 is an unknown value
R14=0x0000000000000000 is an unknown value
R15=0x0000000000000000 is an unknown value


Stack: [0x0000000016050000,0x0000000016150000],  sp=0x000000001614f780,  free space=1021k
Native frames: (J=compiled Java code, j=interpreted, Vv=VM code, C=native code)
V  [jvm.dll+0x128225]
V  [jvm.dll+0x348f3d]
C  [jdwp.dll+0x21a15]
C  [jdwp.dll+0x53b3]
C  [jdwp.dll+0x5571]
C  [jdwp.dll+0xf0a8]
C  [jdwp.dll+0x1f2d5]
C  [jdwp.dll+0x1f4aa]
V  [jvm.dll+0x1bad48]
V  [jvm.dll+0x241914]
V  [jvm.dll+0x29848a]
C  [msvcr100.dll+0x21d9f]
C  [msvcr100.dll+0x21e3b]
C  [kernel32.dll+0x159cd]
C  [ntdll.dll+0x5383d]


---------------  P R O C E S S  ---------------

Java Threads: ( => current thread )
  0x0000000014bdd000 JavaThread "Service Thread" daemon [_thread_blocked, id=6756, stack(0x0000000016b70000,0x0000000016c70000)]
  0x0000000014bdc800 JavaThread "C1 CompilerThread1" daemon [_thread_blocked, id=5384, stack(0x0000000016a60000,0x0000000016b60000)]
  0x0000000014ba0800 JavaThread "C2 CompilerThread0" daemon [_thread_blocked, id=6720, stack(0x0000000016480000,0x0000000016580000)]
  0x0000000014b9d000 JavaThread "JDWP Command Reader" daemon [_thread_in_native, id=5168, stack(0x0000000015dd0000,0x0000000015ed0000)]
  0x0000000014b8e000 JavaThread "JDWP Event Helper Thread" daemon [_thread_blocked, id=4788, stack(0x00000000161a0000,0x00000000162a0000)]
=>0x0000000014b8a000 JavaThread "JDWP Transport Listener: dt_socket" daemon [_thread_in_vm, id=6504, stack(0x0000000016050000,0x0000000016150000)]
  0x0000000014b79800 JavaThread "Attach Listener" daemon [_thread_blocked, id=5840, stack(0x0000000015b00000,0x0000000015c00000)]
  0x0000000014b78000 JavaThread "Signal Dispatcher" daemon [_thread_blocked, id=5128, stack(0x00000000159e0000,0x0000000015ae0000)]
  0x0000000014b1d800 JavaThread "Finalizer" daemon [_thread_blocked, id=6672, stack(0x0000000015860000,0x0000000015960000)]
  0x0000000014b15800 JavaThread "Reference Handler" daemon [_thread_blocked, id=6684, stack(0x0000000015750000,0x0000000015850000)]
  0x0000000002190000 JavaThread "main" [_thread_blocked, id=5244, stack(0x0000000002450000,0x0000000002550000)]

Other Threads:
  0x0000000014b0d800 VMThread [stack: 0x0000000015480000,0x0000000015580000] [id=5132]
  0x00000000165b2000 WatcherThread [stack: 0x0000000016dd0000,0x0000000016ed0000] [id=4936]

VM state:not at safepoint (normal execution)

VM Mutex/Monitor currently owned by a thread: None

Heap:
 PSYoungGen      total 17920K, used 2458K [0x00000000ec000000, 0x00000000ed400000, 0x0000000100000000)
  eden space 15360K, 16% used [0x00000000ec000000,0x00000000ec266880,0x00000000ecf00000)
  from space 2560K, 0% used [0x00000000ed180000,0x00000000ed180000,0x00000000ed400000)
  to   space 2560K, 0% used [0x00000000ecf00000,0x00000000ecf00000,0x00000000ed180000)
 ParOldGen       total 40960K, used 0K [0x00000000c4000000, 0x00000000c6800000, 0x00000000ec000000)
  object space 40960K, 0% used [0x00000000c4000000,0x00000000c4000000,0x00000000c6800000)
 Metaspace       used 2992K, capacity 4664K, committed 4864K, reserved 1056768K
  class space    used 332K, capacity 424K, committed 512K, reserved 1048576K

Card table byte_map: [0x0000000011be0000,0x0000000011dd0000] byte_map_base: 0x00000000115c0000

Marking Bits: (ParMarkBitMap*) 0x000000006a534040
 Begin Bits: [0x0000000012200000, 0x0000000013100000)
 End Bits:   [0x0000000013100000, 0x0000000014000000)

Polling page: 0x0000000000440000

CodeCache: size=245760Kb used=1191Kb max_used=1191Kb free=244568Kb
 bounds [0x0000000002820000, 0x0000000002a90000, 0x0000000011820000]
 total_blobs=306 nmethods=72 adapters=156
 compilation: enabled

Compilation events (10 events):
Event: 1.201 Thread 0x0000000014bdc800   67       1       java.net.URL::getFile (5 bytes)
Event: 1.201 Thread 0x0000000014bdc800 nmethod 67 0x0000000002948290 code [0x00000000029483e0, 0x00000000029484f0]
Event: 1.202 Thread 0x0000000014bdc800   68       3       java.util.concurrent.ConcurrentHashMap::tabAt (21 bytes)
Event: 1.202 Thread 0x0000000014bdc800 nmethod 68 0x0000000002948910 code [0x0000000002948a60, 0x0000000002948c90]
Event: 25.387 Thread 0x0000000014bdc800   70       3       java.lang.StringBuilder::<init> (7 bytes)
Event: 25.388 Thread 0x0000000014bdc800 nmethod 70 0x0000000002948d50 code [0x0000000002948ec0, 0x0000000002949170]
Event: 43.554 Thread 0x0000000014bdc800   71       3       java.lang.StringBuilder::toString (17 bytes)
Event: 43.555 Thread 0x0000000014bdc800 nmethod 71 0x0000000002949290 code [0x0000000002949400, 0x00000000029495e8]
Event: 73.515 Thread 0x0000000014bdc800   72       3       java.lang.StringBuilder::append (9 bytes)
Event: 73.516 Thread 0x0000000014bdc800 nmethod 72 0x0000000002949690 code [0x0000000002949820, 0x0000000002949c18]

GC Heap History (0 events):
No events

Deoptimization events (0 events):
No events

Internal exceptions (2 events):
Event: 0.172 Thread 0x0000000002190000 Exception <a 'java/lang/NoSuchMethodError': Method sun.misc.Unsafe.defineClass(Ljava/lang/String;[BII)Ljava/lang/Class; name or signature does not match> (0x00000000ec00dfd8) thrown at [D:\re\workspace\8-2-build-windows-amd64-cygwin\jdk8u40\3098\hotspot\sr'ÿ['ÆûÅ?
Event: 0.172 Thread 0x0000000002190000 Exception <a 'java/lang/NoSuchMethodError': Method sun.misc.Unsafe.prefetchRead(Ljava/lang/Object;J)V name or signature does not match> (0x00000000ec00e268) thrown at [D:\re\workspace\8-2-build-windows-amd64-cygwin\jdk8u40\3098\hotspot\src\share\vm\prims\j

Events (10 events):
Event: 174.733 Executing VM operation: GetCurrentLocation
Event: 174.733 Executing VM operation: GetCurrentLocation done
Event: 174.733 Executing VM operation: EnterInterpOnlyMode
Event: 174.733 Executing VM operation: EnterInterpOnlyMode done
Event: 174.733 Executing VM operation: ChangeSingleStep
Event: 174.733 Executing VM operation: ChangeSingleStep done
Event: 174.733 Executing VM operation: ChangeSingleStep
Event: 174.733 Executing VM operation: ChangeSingleStep done
Event: 174.739 Executing VM operation: RedefineClasses
Event: 174.739 Executing VM operation: RedefineClasses done


Dynamic libraries:
0x000000013f7c0000 - 0x000000013f7f7000 	C:\Program Files\Java\jre1.8.0_40\bin\javaw.exe
0x0000000076f10000 - 0x00000000770af000 	C:\Windows\SYSTEM32\ntdll.dll
0x000007fef18b0000 - 0x000007fef18e4000 	C:\Program Files\AVAST Software\Avast\x64\aswhooka.dll
0x0000000076df0000 - 0x0000000076f0f000 	C:\Windows\system32\kernel32.dll
0x000007fefcde0000 - 0x000007fefce4a000 	C:\Windows\system32\KERNELBASE.dll
0x000007fefd000000 - 0x000007fefd0db000 	C:\Windows\system32\ADVAPI32.dll
0x000007fefdb70000 - 0x000007fefdc0f000 	C:\Windows\system32\msvcrt.dll
0x000007fefd100000 - 0x000007fefd11f000 	C:\Windows\SYSTEM32\sechost.dll
0x000007fefd7c0000 - 0x000007fefd8ed000 	C:\Windows\system32\RPCRT4.dll
0x0000000076cf0000 - 0x0000000076dea000 	C:\Windows\system32\USER32.dll
0x000007fefd420000 - 0x000007fefd487000 	C:\Windows\system32\GDI32.dll
0x000007feff070000 - 0x000007feff07e000 	C:\Windows\system32\LPK.dll
0x000007fefee10000 - 0x000007fefeedb000 	C:\Windows\system32\USP10.dll
0x000007fefb0d0000 - 0x000007fefb2c4000 	C:\Windows\WinSxS\amd64_microsoft.windows.common-controls_6595b64144ccf1df_6.0.7601.18837_none_fa3b1e3d17594757\COMCTL32.dll
0x000007feff120000 - 0x000007feff191000 	C:\Windows\system32\SHLWAPI.dll
0x000007fefd3f0000 - 0x000007fefd41e000 	C:\Windows\system32\IMM32.DLL
0x000007fefeee0000 - 0x000007fefefe9000 	C:\Windows\system32\MSCTF.dll
0x00000000773b0000 - 0x0000000077482000 	C:\Program Files\Java\jre1.8.0_40\bin\msvcr100.dll
0x0000000069d30000 - 0x000000006a5b3000 	C:\Program Files\Java\jre1.8.0_40\bin\server\jvm.dll
0x000007fef9010000 - 0x000007fef9019000 	C:\Windows\system32\WSOCK32.dll
0x000007feff1b0000 - 0x000007feff1fd000 	C:\Windows\system32\WS2_32.dll
0x000007feff1a0000 - 0x000007feff1a8000 	C:\Windows\system32\NSI.dll
0x000007fefb5c0000 - 0x000007fefb5fb000 	C:\Windows\system32\WINMM.dll
0x000007fefb970000 - 0x000007fefb97c000 	C:\Windows\system32\VERSION.dll
0x00000000770b0000 - 0x00000000770b7000 	C:\Windows\system32\PSAPI.DLL
0x0000000069bb0000 - 0x0000000069bbf000 	C:\Program Files\Java\jre1.8.0_40\bin\verify.dll
0x0000000069b80000 - 0x0000000069ba9000 	C:\Program Files\Java\jre1.8.0_40\bin\java.dll
0x00000000507f0000 - 0x0000000050825000 	C:\Program Files\Java\jre1.8.0_40\bin\jdwp.dll
0x00000000632b0000 - 0x00000000632b8000 	C:\Program Files\Java\jre1.8.0_40\bin\npt.dll
0x00000000699e0000 - 0x00000000699f6000 	C:\Program Files\Java\jre1.8.0_40\bin\zip.dll
0x000007fefdcf0000 - 0x000007fefea7b000 	C:\Windows\system32\SHELL32.dll
0x000007fefec10000 - 0x000007fefee0d000 	C:\Windows\system32\ole32.dll
0x000007fefcbe0000 - 0x000007fefcbef000 	C:\Windows\system32\profapi.dll
0x00000000676d0000 - 0x00000000676d9000 	C:\Program Files\Java\jre1.8.0_40\bin\dt_socket.dll
0x000007fefab10000 - 0x000007fefab25000 	C:\Windows\system32\NLAapi.dll
0x000007fef5dc0000 - 0x000007fef5dd5000 	C:\Windows\system32\napinsp.dll
0x000007fef5da0000 - 0x000007fef5db9000 	C:\Windows\system32\pnrpnsp.dll
0x000007fefc0b0000 - 0x000007fefc105000 	C:\Windows\System32\mswsock.dll
0x000007fefbf30000 - 0x000007fefbf8b000 	C:\Windows\system32\DNSAPI.dll
0x000007fef5d10000 - 0x000007fef5d1b000 	C:\Windows\System32\winrnr.dll
0x000007fef8130000 - 0x000007fef815e000 	C:\Program Files\Common Files\Microsoft Shared\Windows Live\WLIDNSP.DLL
0x000000006d3f0000 - 0x000000006d416000 	C:\Program Files\Bonjour\mdnsNSP.dll
0x000007fefa380000 - 0x000007fefa3a7000 	C:\Windows\system32\Iphlpapi.DLL
0x000007fefa370000 - 0x000007fefa37b000 	C:\Windows\system32\WINNSI.DLL
0x000007fefa110000 - 0x000007fefa163000 	C:\Windows\System32\fwpuclnt.dll
0x000007fef87a0000 - 0x000007fef87a8000 	C:\Windows\system32\rasadhlp.dll
0x000007fefba90000 - 0x000007fefba97000 	C:\Windows\System32\wshtcpip.dll
0x000007fef5660000 - 0x000007fef5785000 	C:\Windows\system32\dbghelp.dll

VM Arguments:
jvm_args: -agentlib:jdwp=transport=dt_socket,suspend=y,address=localhost:49424 -Dfile.encoding=Cp1252 
java_command: es.ucm.fdi.main.Main -m gui -i basic/00_helloWorld.ini
java_class_path (initial): C:\Program Files\Java\jre1.8.0_40\lib\resources.jar;C:\Program Files\Java\jre1.8.0_40\lib\rt.jar;C:\Program Files\Java\jre1.8.0_40\lib\jsse.jar;C:\Program Files\Java\jre1.8.0_40\lib\jce.jar;C:\Program Files\Java\jre1.8.0_40\lib\charsets.jar;C:\Program Files\Java\jre1.8.0_40\lib\jfr.jar;C:\Program Files\Java\jre1.8.0_40\lib\ext\access-bridge-64.jar;C:\Program Files\Java\jre1.8.0_40\lib\ext\cldrdata.jar;C:\Program Files\Java\jre1.8.0_40\lib\ext\dnsns.jar;C:\Program Files\Java\jre1.8.0_40\lib\ext\dns_sd.jar;C:\Program Files\Java\jre1.8.0_40\lib\ext\jaccess.jar;C:\Program Files\Java\jre1.8.0_40\lib\ext\jfxrt.jar;C:\Program Files\Java\jre1.8.0_40\lib\ext\localedata.jar;C:\Program Files\Java\jre1.8.0_40\lib\ext\nashorn.jar;C:\Program Files\Java\jre1.8.0_40\lib\ext\sunec.jar;C:\Program Files\Java\jre1.8.0_40\lib\ext\sunjce_provider.jar;C:\Program Files\Java\jre1.8.0_40\lib\ext\sunmscapi.jar;C:\Program Files\Java\jre1.8.0_40\lib\ext\sunpkcs11.jar;C:\Program Files\Java\jre1.8.0_40\lib\ext\zipfs.jar;C:\Users\Home\eclipse-workspace\Practica5\bin;C:\Users\Home\eclipse-workspace\Practica5\lib\commons-cli-1.3.1.jar
Launcher Type: SUN_STANDARD

Environment Variables:
PATH=C:/Program Files/Java/jre1.8.0_40/bin/server;C:/Program Files/Java/jre1.8.0_40/bin;C:/Program Files/Java/jre1.8.0_40/lib/amd64;C:\ProgramData\Oracle\Java\javapath;C:\Program Files (x86)\NVIDIA Corporation\PhysX\Common;C:\Program Files\Common Files\Microsoft Shared\Windows Live;C:\Program Files (x86)\Common Files\Microsoft Shared\Windows Live;C:\Windows\system32;C:\Windows;C:\Windows\System32\Wbem;C:\Windows\System32\WindowsPowerShell\v1.0\;C:\Program Files (x86)\Common Files\Roxio Shared\DLLShared\;C:\Program Files (x86)\Common Files\Roxio Shared\DLLShared\;C:\Program Files (x86)\Common Files\Roxio Shared\12.0\DLLShared\;C:\Program Files (x86)\Windows Live\Shared;C:\Program Files (x86)\ATI Technologies\ATI.ACE\Core-Static;C:\Program Files\Internet Explorer;C:\MinGW\bin\;c:\Program Files (x86)\Microsoft SQL Server\100\Tools\Binn\;c:\Program Files\Microsoft SQL Server\100\Tools\Binn\;c:\Program Files\Microsoft SQL Server\100\DTS\Binn\;C:\Users\Home\Desktop\Informatica\Computadores\Segundo cuatri\EclipseARM\sourcery-g++-lite-arm-2011.03\bin;C:\Program Files\Microsoft SQL Server\110\Tools\Binn\;C:\Program Files (x86)\Microsoft SDKs\TypeScript\1.0\;C:\Program Files\Microsoft SQL Server\120\Tools\Binn\;C:\Users\Home\Desktop;
USERNAME=Home
OS=Windows_NT
PROCESSOR_IDENTIFIER=AMD64 Family 16 Model 6 Stepping 3, AuthenticAMD



---------------  S Y S T E M  ---------------

OS: Windows 7 , 64 bit Build 7601 (6.1.7601.24094)

CPU:total 2 (2 cores per cpu, 1 threads per core) family 16 model 6 stepping 3, cmov, cx8, fxsr, mmx, sse, sse2, sse3, popcnt, mmxext, 3dnowpref, lzcnt, sse4a, tsc, tscinvbit, tscinv

Memory: 4k page, physical 3926940k(1145688k free), swap 7852004k(4583696k free)

vm_info: Java HotSpot(TM) 64-Bit Server VM (25.40-b25) for windows-amd64 JRE (1.8.0_40-b26), built on Mar  7 2015 13:51:59 by "java_re" with MS VC++ 10.0 (VS2010)

time: Wed Apr 18 23:48:38 2018
elapsed time: 175 seconds (0d 0h 2m 55s)

